<?xml version="1.0" encoding="UTF-8"?>
<testsuite name="AppTest" tests="4" skipped="0" failures="0" errors="0" timestamp="2025-06-23T19:12:28" hostname="DESKTOP-V1BBGGL" time="1.717">
  <properties/>
  <testcase name="testGetAllUsers()" classname="AppTest" time="1.603"/>
  <testcase name="testHelloEndpoint()" classname="AppTest" time="0.013"/>
  <testcase name="testCreateUser()" classname="AppTest" time="0.032"/>
  <testcase name="testGetUserById()" classname="AppTest" time="0.068"/>
  <system-out><![CDATA[]]></system-out>
  <system-err><![CDATA[[Test worker] INFO io.javalin.Javalin - Starting Javalin ...
[Test worker] INFO org.eclipse.jetty.server.Server - jetty-11.0.23; built: 2024-08-14T01:40:17.906Z; git: 6fcf5ccaebd7ca13a0cb96c96adca699a24080a0; jvm 21.0.6+8-LTS-188
[Test worker] INFO org.eclipse.jetty.server.session.DefaultSessionIdManager - Session workerName=node0
[Test worker] INFO org.eclipse.jetty.server.handler.ContextHandler - Started o.e.j.s.ServletContextHandler@6c8bca63{/,null,AVAILABLE}
[Test worker] INFO org.eclipse.jetty.server.AbstractConnector - Started ServerConnector@13e547a9{HTTP/1.1, (http/1.1)}{0.0.0.0:7000}
[Test worker] INFO org.eclipse.jetty.server.Server - Started Server@4ba302e0{STARTING}[11.0.23,sto=0] @1166ms
[Test worker] INFO io.javalin.Javalin - 
       __                  ___           _____
      / /___ __   ______ _/ (_)___      / ___/
 __  / / __ `/ | / / __ `/ / / __ \    / __ \
/ /_/ / /_/ /| |/ / /_/ / / / / / /   / /_/ /
\____/\__,_/ |___/\__,_/_/_/_/ /_/    \____/

       https://javalin.io/documentation

[Test worker] INFO io.javalin.Javalin - Javalin started in 174ms \o/
[Test worker] INFO io.javalin.Javalin - Listening on http://localhost:7000/
[Test worker] INFO io.javalin.Javalin - You are running Javalin 6.3.0 (released August 22, 2024. Your Javalin version is 305 days old. Consider checking for a newer version.).
[Test worker] INFO io.javalin.Javalin - Stopping Javalin ...
[Test worker] INFO org.eclipse.jetty.server.Server - Stopped Server@4ba302e0{STOPPING}[11.0.23,sto=0]
[Test worker] INFO org.eclipse.jetty.server.AbstractConnector - Stopped ServerConnector@13e547a9{HTTP/1.1, (http/1.1)}{0.0.0.0:7000}
[Test worker] INFO org.eclipse.jetty.server.handler.ContextHandler - Stopped o.e.j.s.ServletContextHandler@6c8bca63{/,null,STOPPED}
[Test worker] INFO io.javalin.Javalin - Javalin has stopped
]]></system-err>
</testsuite>
